#
# There is insufficient memory for the Java Runtime Environment to continue.
# Native memory allocation (mmap) failed to map 264241152 bytes for G1 virtual space
# Possible reasons:
#   The system is out of physical RAM or swap space
#   The process is running with CompressedOops enabled, and the Java Heap may be blocking the growth of the native heap
# Possible solutions:
#   Reduce memory load on the system
#   Increase physical memory or swap space
#   Check if swap backing store is full
#   Decrease Java heap size (-Xmx/-Xms)
#   Decrease number of Java threads
#   Decrease Java thread stack sizes (-Xss)
#   Set larger code cache with -XX:ReservedCodeCacheSize=
#   JVM is running with Zero Based Compressed Oops mode in which the Java heap is
#     placed in the first 32GB address space. The Java Heap base address is the
#     maximum limit for the native heap growth. Please use -XX:HeapBaseMinAddress
#     to set the Java Heap base and to place the Java Heap above 32GB virtual address.
# This output file may be truncated or incomplete.
#
#  Out of Memory Error (os_windows.cpp:3617), pid=32828, tid=31948
#
# JRE version:  (17.0.8+7) (build )
# Java VM: OpenJDK 64-Bit Server VM (17.0.8+7, mixed mode, sharing, tiered, compressed oops, compressed class ptrs, g1 gc, windows-amd64)
# No core dump will be written. Minidumps are not enabled by default on client versions of Windows
#

---------------  S U M M A R Y ------------

Command Line: -Dfile.encoding=UTF-8 --module-path=C:\Users\pc\OneDrive\Desktop\Janhvi Special -_-\JAVA\Java and SQL systems\Banking management system\build\classes banking.management.system.Signup2

Host: 11th Gen Intel(R) Core(TM) i5-11400H @ 2.70GHz, 12 cores, 15G,  Windows 11 , 64 bit Build 22621 (10.0.22621.3672)
Time: Thu Jun 20 03:40:46 2024 India Standard Time elapsed time: 0.153394 seconds (0d 0h 0m 0s)

---------------  T H R E A D  ---------------

Current thread (0x0000029581c8a420):  JavaThread "Unknown thread" [_thread_in_vm, id=31948, stack(0x00000097dd600000,0x00000097dd700000)]

Stack: [0x00000097dd600000,0x00000097dd700000]
Native frames: (J=compiled Java code, j=interpreted, Vv=VM code, C=native code)
V  [jvm.dll+0x678b0a]
V  [jvm.dll+0x835e84]
V  [jvm.dll+0x83762e]
V  [jvm.dll+0x837c93]
V  [jvm.dll+0x24746f]
V  [jvm.dll+0x675859]
V  [jvm.dll+0x66a0ea]
V  [jvm.dll+0x306c7b]
V  [jvm.dll+0x30e166]
V  [jvm.dll+0x35dd3e]
V  [jvm.dll+0x35df6f]
V  [jvm.dll+0x2ddb48]
V  [jvm.dll+0x2deab4]
V  [jvm.dll+0x807f31]
V  [jvm.dll+0x36bb21]
V  [jvm.dll+0x7e733c]
V  [jvm.dll+0x3ee4af]
V  [jvm.dll+0x3f00c1]
C  [jli.dll+0x528b]
C  [ucrtbase.dll+0x29333]
C  [KERNEL32.DLL+0x1257d]
C  [ntdll.dll+0x5af28]


---------------  P R O C E S S  ---------------

Threads class SMR info:
_java_thread_list=0x00007fff1426a018, length=0, elements={
}

Java Threads: ( => current thread )

Other Threads:
  0x0000029581cf1da0 GCTaskThread "GC Thread#0" [stack: 0x00000097dd700000,0x00000097dd800000] [id=5348]
  0x0000029581d02840 ConcurrentGCThread "G1 Main Marker" [stack: 0x00000097dd800000,0x00000097dd900000] [id=29784]
  0x0000029581d03250 ConcurrentGCThread "G1 Conc#0" [stack: 0x00000097dd900000,0x00000097dda00000] [id=18876]

[error occurred during error reporting (printing all threads), id 0xc0000005, EXCEPTION_ACCESS_VIOLATION (0xc0000005) at pc=0x00007fff13a3e587]

VM state: not at safepoint (not fully initialized)

VM Mutex/Monitor currently owned by a thread:  ([mutex/lock_event])
[0x00000295ff87b200] Heap_lock - owner thread: 0x0000029581c8a420

Heap address: 0x0000000704a00000, size: 4022 MB, Compressed Oops mode: Zero based, Oop shift amount: 3

CDS archive(s) mapped at: [0x0000000000000000-0x0000000000000000-0x0000000000000000), size 0, SharedBaseAddress: 0x0000000800000000, ArchiveRelocationMode: 1.
Narrow klass base: 0x0000000000000000, Narrow klass shift: 0, Narrow klass range: 0x0

GC Precious Log:
<Empty>

Heap:
 garbage-first heap   total 0K, used 0K [0x0000000704a00000, 0x0000000800000000)
  region size 2048K, 0 young (0K), 0 survivors (0K)

[error occurred during error reporting (printing heap information), id 0xc0000005, EXCEPTION_ACCESS_VIOLATION (0xc0000005) at pc=0x00007fff13e22699]

GC Heap History (0 events):
No events

Dll operation events (1 events):
Event: 0.007 Loaded shared library C:\Users\pc\AppData\Local\Programs\Eclipse Adoptium\jdk-17.0.8.7-hotspot\bin\java.dll

Deoptimization events (0 events):
No events

Classes unloaded (0 events):
No events

Classes redefined (0 events):
No events

Internal exceptions (0 events):
No events

VM Operations (0 events):
No events

Events (0 events):
No events


Dynamic libraries:
0x00007ff665cf0000 - 0x00007ff665cfe000 	C:\Users\pc\AppData\Local\Programs\Eclipse Adoptium\jdk-17.0.8.7-hotspot\bin\java.exe
0x00007fff80890000 - 0x00007fff80aa7000 	C:\Windows\SYSTEM32\ntdll.dll
0x00007fff7f9e0000 - 0x00007fff7faa4000 	C:\Windows\System32\KERNEL32.DLL
0x00007fff7dd00000 - 0x00007fff7e0ac000 	C:\Windows\System32\KERNELBASE.dll
0x0000000050270000 - 0x00000000505a2000 	C:\Program Files\Norton Security\NortonData\22.23.5.106\Definitions\IPSDefs\20231019.064\IPSEng64.dll
0x00007fff7f1b0000 - 0x00007fff7f262000 	C:\Windows\System32\ADVAPI32.dll
0x00007fff7ebd0000 - 0x00007fff7ec77000 	C:\Windows\System32\msvcrt.dll
0x00007fff7ea40000 - 0x00007fff7eaea000 	C:\Windows\System32\sechost.dll
0x00007fff7e480000 - 0x00007fff7e4a8000 	C:\Windows\System32\bcrypt.dll
0x00007fff7f700000 - 0x00007fff7f815000 	C:\Windows\System32\RPCRT4.dll
0x00007fff7e610000 - 0x00007fff7e618000 	C:\Windows\System32\PSAPI.DLL
0x00007fff7e4b0000 - 0x00007fff7e5c1000 	C:\Windows\System32\ucrtbase.dll
0x00007fff79310000 - 0x00007fff79329000 	C:\Users\pc\AppData\Local\Programs\Eclipse Adoptium\jdk-17.0.8.7-hotspot\bin\VCRUNTIME140.dll
0x00007fff5fce0000 - 0x00007fff5fcf7000 	C:\Users\pc\AppData\Local\Programs\Eclipse Adoptium\jdk-17.0.8.7-hotspot\bin\jli.dll
0x00007fff7e620000 - 0x00007fff7e7ce000 	C:\Windows\System32\USER32.dll
0x00007fff6b410000 - 0x00007fff6b6a3000 	C:\Windows\WinSxS\amd64_microsoft.windows.common-controls_6595b64144ccf1df_6.0.22621.3672_none_2713b9d173822955\COMCTL32.dll
0x00007fff7dbc0000 - 0x00007fff7dbe6000 	C:\Windows\System32\win32u.dll
0x00007fff7f0d0000 - 0x00007fff7f0f9000 	C:\Windows\System32\GDI32.dll
0x00007fff7e360000 - 0x00007fff7e479000 	C:\Windows\System32\gdi32full.dll
0x00007fff7dbf0000 - 0x00007fff7dc8a000 	C:\Windows\System32\msvcp_win.dll
0x00007fff7fab0000 - 0x00007fff7fae1000 	C:\Windows\System32\IMM32.DLL
0x00007fff79180000 - 0x00007fff7918c000 	C:\Users\pc\AppData\Local\Programs\Eclipse Adoptium\jdk-17.0.8.7-hotspot\bin\vcruntime140_1.dll
0x00007fff69910000 - 0x00007fff699a1000 	C:\Users\pc\AppData\Local\Programs\Eclipse Adoptium\jdk-17.0.8.7-hotspot\bin\msvcp140.dll
0x00007fff13750000 - 0x00007fff1439c000 	C:\Users\pc\AppData\Local\Programs\Eclipse Adoptium\jdk-17.0.8.7-hotspot\bin\server\jvm.dll
0x00007fff75640000 - 0x00007fff75674000 	C:\Windows\SYSTEM32\WINMM.dll
0x00007fff7cdc0000 - 0x00007fff7ce0d000 	C:\Windows\SYSTEM32\POWRPROF.dll
0x00007fff78f40000 - 0x00007fff78f4a000 	C:\Windows\SYSTEM32\VERSION.dll
0x00007fff79390000 - 0x00007fff79399000 	C:\Windows\SYSTEM32\WSOCK32.dll
0x00007fff7eb50000 - 0x00007fff7ebc1000 	C:\Windows\System32\WS2_32.dll
0x00007fff7cda0000 - 0x00007fff7cdb3000 	C:\Windows\SYSTEM32\UMPDC.dll
0x00007fff7cc40000 - 0x00007fff7cc58000 	C:\Windows\SYSTEM32\kernel.appcore.dll
0x00007fff78810000 - 0x00007fff7881a000 	C:\Users\pc\AppData\Local\Programs\Eclipse Adoptium\jdk-17.0.8.7-hotspot\bin\jimage.dll
0x00007fff7b230000 - 0x00007fff7b462000 	C:\Windows\SYSTEM32\DBGHELP.DLL
0x00007fff7f270000 - 0x00007fff7f5f8000 	C:\Windows\System32\combase.dll
0x00007fff7e7d0000 - 0x00007fff7e8a7000 	C:\Windows\System32\OLEAUT32.dll
0x00007fff5f580000 - 0x00007fff5f5b2000 	C:\Windows\SYSTEM32\dbgcore.DLL
0x00007fff7e220000 - 0x00007fff7e29b000 	C:\Windows\System32\bcryptPrimitives.dll
0x00007fff760e0000 - 0x00007fff76105000 	C:\Users\pc\AppData\Local\Programs\Eclipse Adoptium\jdk-17.0.8.7-hotspot\bin\java.dll

dbghelp: loaded successfully - version: 4.0.5 - missing functions: none
symbol engine: initialized successfully - sym options: 0x614 - pdb path: .;C:\Users\pc\AppData\Local\Programs\Eclipse Adoptium\jdk-17.0.8.7-hotspot\bin;C:\Windows\SYSTEM32;C:\Program Files\Norton Security\NortonData\22.23.5.106\Definitions\IPSDefs\20231019.064;C:\Windows\WinSxS\amd64_microsoft.windows.common-controls_6595b64144ccf1df_6.0.22621.3672_none_2713b9d173822955;C:\Users\pc\AppData\Local\Programs\Eclipse Adoptium\jdk-17.0.8.7-hotspot\bin\server

VM Arguments:
jvm_args: -Dfile.encoding=UTF-8 --module-path=C:\Users\pc\OneDrive\Desktop\Janhvi Special -_-\JAVA\Java and SQL systems\Banking management system\build\classes 
java_command: banking.management.system.Signup2
java_class_path (initial): C:\Users\pc\OneDrive\Desktop\Janhvi Special -_-\JAVA\Java and SQL systems\jcalendar-tz-1.3.3-4.jar;C:\Users\pc\OneDrive\Desktop\Janhvi Special -_-\JAVA\Java and SQL systems\mysql-connector-java-8.0.28.jar;C:\Users\pc\OneDrive\Desktop\Janhvi Special -_-\JAVA\Java and SQL systems\Banking management system\build\classes
Launcher Type: SUN_STANDARD

[Global flags]
     intx CICompilerCount                          = 4                                         {product} {ergonomic}
     uint ConcGCThreads                            = 3                                         {product} {ergonomic}
     uint G1ConcRefinementThreads                  = 10                                        {product} {ergonomic}
   size_t G1HeapRegionSize                         = 2097152                                   {product} {ergonomic}
    uintx GCDrainStackTargetSize                   = 64                                        {product} {ergonomic}
   size_t InitialHeapSize                          = 264241152                                 {product} {ergonomic}
   size_t MarkStackSize                            = 4194304                                   {product} {ergonomic}
   size_t MaxHeapSize                              = 4217372672                                {product} {ergonomic}
   size_t MinHeapDeltaBytes                        = 2097152                                   {product} {ergonomic}
   size_t MinHeapSize                              = 8388608                                   {product} {ergonomic}
    uintx NonNMethodCodeHeapSize                   = 5839372                                {pd product} {ergonomic}
    uintx NonProfiledCodeHeapSize                  = 122909434                              {pd product} {ergonomic}
    uintx ProfiledCodeHeapSize                     = 122909434                              {pd product} {ergonomic}
    uintx ReservedCodeCacheSize                    = 251658240                              {pd product} {ergonomic}
     bool SegmentedCodeCache                       = true                                      {product} {ergonomic}
   size_t SoftMaxHeapSize                          = 4217372672                             {manageable} {ergonomic}
     bool UseCompressedClassPointers               = true                           {product lp64_product} {ergonomic}
     bool UseCompressedOops                        = true                           {product lp64_product} {ergonomic}
     bool UseG1GC                                  = true                                      {product} {ergonomic}
     bool UseLargePagesIndividualAllocation        = false                                  {pd product} {ergonomic}

Logging:
Log output configuration:
 #0: stdout all=warning uptime,level,tags
 #1: stderr all=off uptime,level,tags

Environment Variables:
JAVA_HOME=C:\Users\pc\AppData\Local\Programs\Eclipse Adoptium\jdk-17.0.8.7-hotspot\
PATH=C:\Windows\system32;C:\Windows;C:\Windows\System32\Wbem;C:\Windows\System32\WindowsPowerShell\v1.0\;C:\Windows\System32\OpenSSH\;C:\Program Files (x86)\NVIDIA Corporation\PhysX\Common;C:\Program Files\NVIDIA Corporation\NVIDIA NvDLISR;C:\Program Files\Git\cmd;C:\Program Files\Git\mingw64\bin;C:\Program Files\Git\usr\bin;C:\Program Files\dotnet\;C:\Program Files\MySQL\MySQL Server 8.0\bin;C:\Program Files\nodejs\;C:\Program Files\MySQL\MySQL Shell 8.0\bin\;C:\Users\pc\AppData\Local\Programs\Python\Python311\Scripts\;C:\Users\pc\AppData\Local\Programs\Python\Python311\;C:\Users\pc\AppData\Local\Programs\Eclipse Adoptium\jdk-17.0.8.7-hotspot\bin;C:\Users\pc\AppData\Local\Microsoft\WindowsApps;C:\Users\pc\AppData\Local\Programs\Microsoft VS Code\bin;C:\msys64\ucrt64\bin;C:\Users\pc\AppData\Roaming\npm
USERNAME=Janhvi
OS=Windows_NT
PROCESSOR_IDENTIFIER=Intel64 Family 6 Model 141 Stepping 1, GenuineIntel
TMP=C:\Users\pc\AppData\Local\Temp
TEMP=C:\Users\pc\AppData\Local\Temp



---------------  S Y S T E M  ---------------

OS:
 Windows 11 , 64 bit Build 22621 (10.0.22621.3672)
OS uptime: 6 days 6:21 hours
Hyper-V role detected

CPU: total 12 (initial active 12) (6 cores per cpu, 2 threads per core) family 6 model 141 stepping 1 microcode 0x34, cx8, cmov, fxsr, ht, mmx, 3dnowpref, sse, sse2, sse3, ssse3, sse4.1, sse4.2, popcnt, lzcnt, tsc, tscinvbit, avx, avx2, aes, erms, clmul, bmi1, bmi2, adx, avx512f, avx512dq, avx512cd, avx512bw, avx512vl, sha, fma, vzeroupper, avx512_vpopcntdq, avx512_vpclmulqdq, avx512_vaes, avx512_vnni, clflush, clflushopt, clwb, avx512_vbmi2, avx512_vbmi, hv
Processor Information for all 12 processors :
  Max Mhz: 2688, Current Mhz: 2688, Mhz Limit: 2688

Memory: 4k page, system-wide physical 16085M (2702M free)
TotalPageFile size 45097M (AvailPageFile size 158M)
current process WorkingSet (physical memory assigned to process): 12M, peak: 12M
current process commit charge ("private bytes"): 65M, peak: 317M

vm_info: OpenJDK 64-Bit Server VM (17.0.8+7) for windows-amd64 JRE (17.0.8+7), built on Jul 18 2023 21:02:32 by "admin" with MS VC++ 16.7 (VS2019)

END.
